<?xml version="1.0" encoding="utf-8"?><testsuites><testsuite name="pytest" errors="0" failures="0" skipped="0" tests="11" time="2.453" timestamp="2025-04-14T23:17:38.166730+05:30" hostname="DEL1-LHP-N72117"><testcase classname="APITesting.API_test.TestAPI" name="test_get_single_user" time="0.088" /><testcase classname="APITesting.API_test.TestAPI" name="test_create_user" time="0.470" /><testcase classname="APITesting.API_test.TestAPI" name="test_update_user" time="0.553" /><testcase classname="APITesting.API_test.TestAPI" name="test_delete_user" time="0.440" /><testcase classname="APITesting.API_test.TestAPI" name="test_user_not_found" time="0.476" /><testcase classname="PyTest.test_Marker.TestMarker" name="test_case_one" time="0.001" /><testcase classname="PyTest.test_Marker.TestMarker" name="test_case_two" time="0.001" /><testcase classname="PyTest.test_Marker.TestMarker" name="test_case_three" time="0.001" /><testcase classname="PyTest.test_sample.TestExample" name="test_case_one" time="0.001" /><testcase classname="PyTest.test_sample.TestExample" name="test_case_two" time="0.000" /><testcase classname="PyTest.test_sample.TestExample" name="test_case_three" time="0.001" /></testsuite></testsuites>